<?xml version="1.0" encoding="UTF-8"?>
<testsuite name="matalaMunche.WifiTest" tests="4" skipped="0" failures="0" errors="0" timestamp="2018-01-18T19:49:43" hostname="DESKTOP-DHSRUL2" time="0.002">
  <properties/>
  <testcase name="test1" classname="matalaMunche.WifiTest" time="0.001"/>
  <testcase name="test2" classname="matalaMunche.WifiTest" time="0.0"/>
  <testcase name="test3" classname="matalaMunche.WifiTest" time="0.0"/>
  <testcase name="test4" classname="matalaMunche.WifiTest" time="0.0"/>
  <system-out><![CDATA[]]></system-out>
  <system-err><![CDATA[]]></system-err>
</testsuite>
