<?xml version="1.0" encoding="UTF-8"?>
<testsuite name="matalaMunche.algorithmsTest" tests="4" skipped="0" failures="0" errors="0" timestamp="2018-01-17T00:40:46" hostname="DESKTOP-DHSRUL2" time="0.344">
  <properties/>
  <testcase name="test1" classname="matalaMunche.algorithmsTest" time="0.144"/>
  <testcase name="test2" classname="matalaMunche.algorithmsTest" time="0.14"/>
  <testcase name="test3" classname="matalaMunche.algorithmsTest" time="0.046"/>
  <testcase name="test4" classname="matalaMunche.algorithmsTest" time="0.014"/>
  <system-out><![CDATA[0.519615879625695
0.027253270987618372
0.07484842045756723
0.027253270987618372
0.08858392377406529
0.027253270987618372
0.027253270987618372
0.027253270987618372
0.027253270987618372
0.027253270987618372
0.027253270987618372
0.027253270987618372
0.027253270987618372
0.027253270987618372
0.027253270987618372
0.027253270987618372
0.027253270987618372
0.027253270987618372
0.027253270987618372
0.027253270987618372
0.027253270987618372
0.027253270987618372
0.027253270987618372
0.027253270987618372
0.027253270987618372
0.027253270987618372
0.027253270987618372
0.027253270987618372
0.027253270987618372
0.027253270987618372
0.027253270987618372
0.027253270987618372
0.027253270987618372
0.027253270987618372
0.027253270987618372
0.027253270987618372
0.027253270987618372
0.027253270987618372
0.027253270987618372
0.027253270987618372
0.027253270987618372
0.027253270987618372
0.027253270987618372
0.027253270987618372
0.027253270987618372
0.027253270987618372
0.027253270987618372
0.027253270987618372
0.027253270987618372
0.027253270987618372
0.027253270987618372
0.027253270987618372
0.027253270987618372
0.027253270987618372
0.027253270987618372
0.027253270987618372
0.027253270987618372
0.027253270987618372
0.027253270987618372
0.027253270987618372
0.027253270987618372
0.027253270987618372
0.027253270987618372
0.027253270987618372
0.027253270987618372
0.027253270987618372
0.027253270987618372
0.027253270987618372
0.027253270987618372
0.027253270987618372
0.027253270987618372
0.027253270987618372
0.027253270987618372
0.027253270987618372
0.027253270987618372
0.027253270987618372
0.027253270987618372
0.027253270987618372
0.027253270987618372
0.027253270987618372
0.027253270987618372
0.027253270987618372
0.027253270987618372
0.027253270987618372
0.027253270987618372
0.027253270987618372
0.027253270987618372
0.027253270987618372
0.027253270987618372
0.027253270987618372
0.027253270987618372
0.027253270987618372
0.027253270987618372
0.027253270987618372
0.027253270987618372
0.027253270987618372
0.027253270987618372
0.027253270987618372
0.027253270987618372
0.027253270987618372
0.027253270987618372
0.027253270987618372
0.027253270987618372
0.027253270987618372
0.027253270987618372
0.027253270987618372
0.027253270987618372
0.027253270987618372
0.027253270987618372
0.027253270987618372
0.027253270987618372
0.027253270987618372
0.027253270987618372
0.027253270987618372
0.027253270987618372
0.027253270987618372
0.027253270987618372
0.027253270987618372
0.027253270987618372
0.027253270987618372
0.027253270987618372
0.027253270987618372
0.027253270987618372
0.027253270987618372
0.027253270987618372
0.027253270987618372
0.027253270987618372
0.027253270987618372
0.027253270987618372
0.027253270987618372
0.027253270987618372
0.027253270987618372
0.027253270987618372
0.027253270987618372
0.027253270987618372
0.027253270987618372
0.027253270987618372
0.027253270987618372
0.027253270987618372
0.027253270987618372
0.027253270987618372
0.027253270987618372
0.027253270987618372
0.027253270987618372
0.027253270987618372
0.027253270987618372
0.027253270987618372
0.027253270987618372
0.027253270987618372
0.027253270987618372
0.027253270987618372
0.027253270987618372
0.027253270987618372
0.027253270987618372
0.027253270987618372
0.027253270987618372
0.027253270987618372
0.027253270987618372
0.027253270987618372
0.027253270987618372
0.027253270987618372
0.027253270987618372
0.027253270987618372
0.027253270987618372
0.027253270987618372
0.027253270987618372
0.027253270987618372
0.027253270987618372
0.027253270987618372
0.027253270987618372
0.027253270987618372
0.027253270987618372
0.027253270987618372
0.027253270987618372
0.027253270987618372
0.027253270987618372
0.027253270987618372
0.027253270987618372
0.027253270987618372
0.027253270987618372
0.027253270987618372
0.027253270987618372
0.027253270987618372
0.027253270987618372
0.027253270987618372
0.027253270987618372
0.027253270987618372
0.027253270987618372
0.027253270987618372
0.027253270987618372
0.027253270987618372
0.027253270987618372
0.3655189739490856
0.09876308290261572
0.027253270987618372
0.027253270987618372
0.04994011777606991
0.027253270987618372
0.046012213777222366
0.027253270987618372
0.027253270987618372
0.027253270987618372
0.027253270987618372
0.027253270987618372
0.027253270987618372
0.027253270987618372
0.027253270987618372
0.027253270987618372
0.027253270987618372
0.027253270987618372
0.027253270987618372
0.027253270987618372
0.027253270987618372
0.027253270987618372
0.027253270987618372
0.027253270987618372
0.027253270987618372
0.027253270987618372
0.027253270987618372
0.027253270987618372
0.027253270987618372
0.027253270987618372
0.027253270987618372
0.027253270987618372
0.027253270987618372
0.027253270987618372
0.027253270987618372
0.027253270987618372
0.027253270987618372
0.027253270987618372
0.027253270987618372
0.027253270987618372
0.027253270987618372
0.027253270987618372
0.027253270987618372
0.027253270987618372
0.027253270987618372
0.027253270987618372
0.027253270987618372
0.027253270987618372
0.027253270987618372
0.027253270987618372
0.027253270987618372
0.027253270987618372
0.027253270987618372
0.027253270987618372
0.027253270987618372
0.027253270987618372
0.027253270987618372
0.027253270987618372
0.027253270987618372
0.027253270987618372
0.027253270987618372
0.027253270987618372
0.027253270987618372
0.027253270987618372
0.027253270987618372
0.027253270987618372
0.027253270987618372
0.027253270987618372
0.027253270987618372
0.027253270987618372
0.027253270987618372
0.027253270987618372
0.027253270987618372
0.027253270987618372
0.027253270987618372
0.027253270987618372
0.027253270987618372
0.027253270987618372
0.027253270987618372
0.027253270987618372
0.027253270987618372
0.027253270987618372
0.027253270987618372
0.027253270987618372
0.027253270987618372
0.027253270987618372
0.027253270987618372
0.027253270987618372
0.027253270987618372
0.027253270987618372
0.027253270987618372
0.027253270987618372
0.027253270987618372
0.027253270987618372
0.027253270987618372
0.027253270987618372
0.027253270987618372
0.027253270987618372
0.027253270987618372
0.027253270987618372
0.027253270987618372
0.027253270987618372
0.027253270987618372
0.027253270987618372
0.027253270987618372
0.027253270987618372
0.027253270987618372
0.027253270987618372
0.027253270987618372
0.027253270987618372
0.027253270987618372
0.027253270987618372
0.027253270987618372
0.027253270987618372
0.027253270987618372
0.027253270987618372
0.027253270987618372
0.027253270987618372
0.027253270987618372
0.027253270987618372
0.027253270987618372
0.027253270987618372
0.027253270987618372
0.027253270987618372
0.027253270987618372
0.027253270987618372
0.027253270987618372
0.027253270987618372
0.027253270987618372
0.027253270987618372
0.027253270987618372
0.027253270987618372
0.027253270987618372
0.027253270987618372
0.027253270987618372
0.027253270987618372
0.027253270987618372
0.027253270987618372
0.027253270987618372
0.027253270987618372
0.027253270987618372
0.027253270987618372
0.027253270987618372
0.027253270987618372
0.027253270987618372
0.027253270987618372
0.027253270987618372
0.027253270987618372
0.027253270987618372
0.027253270987618372
0.027253270987618372
0.027253270987618372
0.027253270987618372
0.027253270987618372
0.027253270987618372
0.027253270987618372
0.027253270987618372
0.027253270987618372
0.027253270987618372
0.027253270987618372
0.027253270987618372
0.027253270987618372
0.027253270987618372
0.027253270987618372
0.027253270987618372
0.027253270987618372
0.027253270987618372
0.027253270987618372
0.027253270987618372
0.027253270987618372
0.027253270987618372
0.027253270987618372
0.027253270987618372
0.027253270987618372
0.027253270987618372
0.027253270987618372
0.027253270987618372
0.027253270987618372
0.027253270987618372
0.027253270987618372
0.027253270987618372
0.027253270987618372
0.027253270987618372
0.027253270987618372
0.027253270987618372
0.027253270987618372
0.027253270987618372
0.027253270987618372
0.027253270987618372
0.027253270987618372
0.027253270987618372
0.027253270987618372
0.027253270987618372
0.027253270987618372
0.027253270987618372
0.027253270987618372
0.027253270987618372
0.027253270987618372
0.027253270987618372
0.027253270987618372
0.027253270987618372
0.027253270987618372
0.027253270987618372
0.027253270987618372
0.027253270987618372
0.027253270987618372
0.027253270987618372
0.027253270987618372
0.027253270987618372
0.027253270987618372
0.027253270987618372
0.027253270987618372
0.027253270987618372
0.027253270987618372
0.027253270987618372
0.027253270987618372
0.027253270987618372
0.027253270987618372
0.027253270987618372
0.027253270987618372
0.027253270987618372
0.027253270987618372
0.027253270987618372
0.027253270987618372
0.027253270987618372
0.027253270987618372
0.027253270987618372
0.027253270987618372
0.027253270987618372
0.027253270987618372
0.027253270987618372
0.027253270987618372
0.027253270987618372
0.027253270987618372
0.027253270987618372
0.027253270987618372
0.027253270987618372
0.027253270987618372
0.027253270987618372
0.027253270987618372
0.027253270987618372
0.027253270987618372
0.027253270987618372
0.027253270987618372
0.027253270987618372
0.027253270987618372
0.027253270987618372
0.027253270987618372
0.027253270987618372
0.027253270987618372
0.027253270987618372
0.027253270987618372
0.027253270987618372
0.027253270987618372
0.027253270987618372
0.027253270987618372
0.027253270987618372
0.027253270987618372
0.027253270987618372
0.027253270987618372
0.027253270987618372
0.027253270987618372
0.027253270987618372
0.027253270987618372
0.027253270987618372
0.027253270987618372
0.027253270987618372
0.027253270987618372
0.027253270987618372
0.027253270987618372
0.027253270987618372
0.027253270987618372
0.027253270987618372
0.027253270987618372
0.027253270987618372
0.027253270987618372
0.027253270987618372
0.027253270987618372
0.027253270987618372
0.027253270987618372
0.027253270987618372
0.027253270987618372
0.027253270987618372
0.027253270987618372
0.027253270987618372
0.027253270987618372
0.027253270987618372
0.027253270987618372
0.027253270987618372
0.027253270987618372
0.027253270987618372
0.027253270987618372
0.027253270987618372
0.027253270987618372
0.027253270987618372
0.027253270987618372
0.027253270987618372
0.027253270987618372
0.027253270987618372
0.027253270987618372
0.027253270987618372
0.027253270987618372
0.027253270987618372
0.027253270987618372
0.027253270987618372
0.027253270987618372
0.027253270987618372
0.027253270987618372
0.027253270987618372
0.027253270987618372
0.027253270987618372
0.027253270987618372
0.027253270987618372
0.027253270987618372
0.027253270987618372
0.027253270987618372
0.027253270987618372
0.027253270987618372
0.027253270987618372
0.027253270987618372
0.027253270987618372
0.027253270987618372
0.027253270987618372
0.027253270987618372
0.027253270987618372
0.027253270987618372
0.027253270987618372
0.027253270987618372
0.027253270987618372
0.027253270987618372
0.027253270987618372
0.027253270987618372
0.027253270987618372
0.027253270987618372
0.027253270987618372
0.027253270987618372
0.027253270987618372
0.027253270987618372
0.027253270987618372
0.027253270987618372
0.027253270987618372
0.027253270987618372
0.027253270987618372
0.027253270987618372
0.027253270987618372
0.027253270987618372
0.027253270987618372
0.027253270987618372
0.027253270987618372
0.027253270987618372
0.027253270987618372
0.027253270987618372
0.027253270987618372
0.027253270987618372
0.027253270987618372
0.027253270987618372
0.027253270987618372
0.027253270987618372
0.027253270987618372
0.027253270987618372
0.027253270987618372
0.027253270987618372
0.027253270987618372
0.027253270987618372
0.027253270987618372
0.027253270987618372
0.027253270987618372
0.027253270987618372
0.027253270987618372
0.027253270987618372
0.027253270987618372
0.027253270987618372
0.027253270987618372
0.027253270987618372
0.027253270987618372
0.027253270987618372
0.027253270987618372
0.027253270987618372
0.027253270987618372
0.027253270987618372
0.027253270987618372
0.027253270987618372
0.027253270987618372
0.027253270987618372
0.027253270987618372
0.027253270987618372
0.027253270987618372
0.027253270987618372
0.027253270987618372
0.027253270987618372
0.027253270987618372
0.027253270987618372
0.027253270987618372
0.027253270987618372
0.027253270987618372
0.027253270987618372
0.027253270987618372
0.027253270987618372
0.027253270987618372
0.027253270987618372
0.027253270987618372
0.027253270987618372
0.027253270987618372
0.027253270987618372
0.027253270987618372
0.027253270987618372
0.027253270987618372
0.027253270987618372
0.027253270987618372
0.027253270987618372
0.027253270987618372
0.027253270987618372
0.027253270987618372
0.027253270987618372
0.027253270987618372
0.027253270987618372
0.027253270987618372
0.027253270987618372
0.027253270987618372
0.027253270987618372
0.027253270987618372
0.027253270987618372
0.027253270987618372
0.027253270987618372
0.027253270987618372
0.027253270987618372
0.027253270987618372
0.027253270987618372
0.027253270987618372
0.027253270987618372
0.027253270987618372
0.027253270987618372
0.027253270987618372
0.027253270987618372
0.027253270987618372
0.027253270987618372
0.027253270987618372
0.027253270987618372
0.027253270987618372
0.027253270987618372
0.027253270987618372
0.027253270987618372
0.027253270987618372
0.027253270987618372
0.027253270987618372
0.027253270987618372
0.027253270987618372
0.027253270987618372
0.027253270987618372
0.027253270987618372
0.027253270987618372
0.027253270987618372
0.027253270987618372
0.027253270987618372
0.027253270987618372
0.027253270987618372
0.027253270987618372
0.027253270987618372
0.027253270987618372
0.027253270987618372
0.027253270987618372
0.027253270987618372
0.027253270987618372
0.027253270987618372
0.027253270987618372
0.027253270987618372
0.027253270987618372
0.027253270987618372
0.027253270987618372
0.027253270987618372
0.027253270987618372
0.027253270987618372
0.027253270987618372
0.027253270987618372
0.027253270987618372
0.027253270987618372
0.027253270987618372
0.027253270987618372
0.027253270987618372
0.027253270987618372
0.027253270987618372
0.027253270987618372
0.027253270987618372
0.027253270987618372
0.027253270987618372
0.027253270987618372
0.027253270987618372
0.027253270987618372
0.027253270987618372
0.027253270987618372
0.027253270987618372
0.027253270987618372
0.027253270987618372
0.027253270987618372
0.027253270987618372
0.027253270987618372
0.027253270987618372
0.027253270987618372
0.027253270987618372
0.027253270987618372
0.027253270987618372
0.027253270987618372
0.027253270987618372
0.027253270987618372
0.027253270987618372
0.027253270987618372
0.027253270987618372
0.027253270987618372
0.027253270987618372
0.027253270987618372
0.027253270987618372
0.027253270987618372
0.027253270987618372
0.027253270987618372
0.027253270987618372
0.027253270987618372
0.027253270987618372
0.027253270987618372
0.027253270987618372
0.027253270987618372
0.027253270987618372
0.027253270987618372
0.027253270987618372
0.027253270987618372
0.027253270987618372
0.027253270987618372
0.027253270987618372
0.027253270987618372
0.027253270987618372
0.027253270987618372
0.027253270987618372
0.027253270987618372
0.027253270987618372
0.027253270987618372
0.027253270987618372
0.027253270987618372
0.027253270987618372
0.027253270987618372
0.027253270987618372
0.027253270987618372
0.027253270987618372
0.027253270987618372
0.027253270987618372
0.027253270987618372
0.027253270987618372
0.027253270987618372
W: 0.519615879625695 LAT: 32.16876665 LON: 34.81320794 ALT: 37.0
W: 0.3655189739490856 LAT: 32.16866695 LON: 34.81322274 ALT: 38.0
W: 0.09876308290261572 LAT: 32.16868001 LON: 34.81321794 ALT: 39.0
W: 0.08858392377406529 LAT: 32.16874461 LON: 34.8109685 ALT: 26.0
0.024271127605761136
0.024271127605761136
0.024271127605761136
0.024271127605761136
0.024271127605761136
0.024271127605761136
0.09868279730329797
0.024271127605761136
0.024271127605761136
0.024271127605761136
0.024271127605761136
0.0382851155541774
0.024271127605761136
0.024271127605761136
0.024271127605761136
0.024271127605761136
0.024271127605761136
0.05868577976870399
0.024271127605761136
0.024271127605761136
0.024271127605761136
0.024271127605761136
0.024271127605761136
0.05868577976870399
0.024271127605761136
0.024271127605761136
0.024271127605761136
0.024271127605761136
0.024271127605761136
0.024271127605761136
0.024271127605761136
0.024271127605761136
0.024271127605761136
0.024271127605761136
0.024271127605761136
0.024271127605761136
0.024271127605761136
0.024271127605761136
0.024271127605761136
0.024271127605761136
0.024271127605761136
0.024271127605761136
0.024271127605761136
0.024271127605761136
0.024271127605761136
0.024271127605761136
0.024271127605761136
0.024271127605761136
0.024271127605761136
0.024271127605761136
0.024271127605761136
0.024271127605761136
0.024271127605761136
0.024271127605761136
0.024271127605761136
0.024271127605761136
0.024271127605761136
0.024271127605761136
0.024271127605761136
0.024271127605761136
0.024271127605761136
0.024271127605761136
0.024271127605761136
0.024271127605761136
0.024271127605761136
0.024271127605761136
0.024271127605761136
0.024271127605761136
0.024271127605761136
0.024271127605761136
0.024271127605761136
0.024271127605761136
0.024271127605761136
0.024271127605761136
0.024271127605761136
0.024271127605761136
0.024271127605761136
0.024271127605761136
0.024271127605761136
0.024271127605761136
0.024271127605761136
0.024271127605761136
0.024271127605761136
0.024271127605761136
0.024271127605761136
0.024271127605761136
0.024271127605761136
0.024271127605761136
0.024271127605761136
0.024271127605761136
0.024271127605761136
0.024271127605761136
0.024271127605761136
0.024271127605761136
0.024271127605761136
0.024271127605761136
0.024271127605761136
0.024271127605761136
0.024271127605761136
0.024271127605761136
0.024271127605761136
0.024271127605761136
0.024271127605761136
0.024271127605761136
0.024271127605761136
0.024271127605761136
0.024271127605761136
0.024271127605761136
0.024271127605761136
0.024271127605761136
0.024271127605761136
0.024271127605761136
0.024271127605761136
0.024271127605761136
0.024271127605761136
0.024271127605761136
0.024271127605761136
0.024271127605761136
0.024271127605761136
0.024271127605761136
0.024271127605761136
0.024271127605761136
0.024271127605761136
0.024271127605761136
0.024271127605761136
0.024271127605761136
0.024271127605761136
0.024271127605761136
0.024271127605761136
0.024271127605761136
0.024271127605761136
0.024271127605761136
0.024271127605761136
0.024271127605761136
0.024271127605761136
0.024271127605761136
0.024271127605761136
0.024271127605761136
0.024271127605761136
0.024271127605761136
0.024271127605761136
0.024271127605761136
0.024271127605761136
0.024271127605761136
0.024271127605761136
0.024271127605761136
0.024271127605761136
0.024271127605761136
0.024271127605761136
0.024271127605761136
0.024271127605761136
0.024271127605761136
0.024271127605761136
0.024271127605761136
0.024271127605761136
0.024271127605761136
0.024271127605761136
0.024271127605761136
0.024271127605761136
0.024271127605761136
0.024271127605761136
0.024271127605761136
0.024271127605761136
0.024271127605761136
0.024271127605761136
0.024271127605761136
0.024271127605761136
0.024271127605761136
0.024271127605761136
0.024271127605761136
0.024271127605761136
0.024271127605761136
0.024271127605761136
0.024271127605761136
0.024271127605761136
0.024271127605761136
0.024271127605761136
0.024271127605761136
0.024271127605761136
0.08795609851590996
0.024271127605761136
0.024271127605761136
0.024271127605761136
0.383447350013025
0.024271127605761136
0.024271127605761136
0.024271127605761136
0.5950510729472867
0.024271127605761136
0.024271127605761136
0.024271127605761136
0.024271127605761136
0.024271127605761136
0.024271127605761136
0.024271127605761136
0.024271127605761136
0.024271127605761136
0.024271127605761136
0.024271127605761136
0.024271127605761136
0.024271127605761136
0.024271127605761136
0.024271127605761136
0.024271127605761136
0.024271127605761136
0.024271127605761136
0.024271127605761136
0.024271127605761136
0.024271127605761136
0.024271127605761136
0.024271127605761136
0.024271127605761136
0.024271127605761136
0.024271127605761136
0.024271127605761136
0.024271127605761136
0.024271127605761136
0.024271127605761136
0.024271127605761136
0.024271127605761136
0.024271127605761136
0.024271127605761136
0.024271127605761136
0.024271127605761136
0.024271127605761136
0.024271127605761136
0.024271127605761136
0.024271127605761136
0.024271127605761136
0.024271127605761136
0.024271127605761136
0.024271127605761136
0.024271127605761136
0.024271127605761136
0.024271127605761136
0.024271127605761136
0.024271127605761136
0.024271127605761136
0.024271127605761136
0.024271127605761136
0.024271127605761136
0.024271127605761136
0.024271127605761136
0.024271127605761136
0.024271127605761136
0.024271127605761136
0.024271127605761136
0.024271127605761136
0.024271127605761136
0.024271127605761136
0.024271127605761136
0.024271127605761136
0.024271127605761136
0.024271127605761136
0.024271127605761136
0.024271127605761136
0.024271127605761136
0.024271127605761136
0.024271127605761136
0.024271127605761136
0.024271127605761136
0.024271127605761136
0.024271127605761136
0.024271127605761136
0.024271127605761136
0.024271127605761136
0.024271127605761136
0.024271127605761136
0.024271127605761136
0.024271127605761136
0.024271127605761136
0.024271127605761136
0.024271127605761136
0.024271127605761136
0.024271127605761136
0.024271127605761136
0.024271127605761136
0.024271127605761136
0.024271127605761136
0.024271127605761136
0.024271127605761136
0.024271127605761136
0.024271127605761136
0.024271127605761136
0.024271127605761136
0.024271127605761136
0.024271127605761136
0.024271127605761136
0.024271127605761136
0.024271127605761136
0.024271127605761136
0.024271127605761136
0.024271127605761136
0.024271127605761136
0.024271127605761136
0.024271127605761136
0.024271127605761136
0.024271127605761136
0.024271127605761136
0.024271127605761136
0.024271127605761136
0.024271127605761136
0.024271127605761136
0.024271127605761136
0.024271127605761136
0.024271127605761136
0.024271127605761136
0.024271127605761136
0.024271127605761136
0.024271127605761136
0.024271127605761136
0.024271127605761136
0.024271127605761136
0.024271127605761136
0.024271127605761136
0.024271127605761136
0.024271127605761136
0.024271127605761136
0.024271127605761136
0.024271127605761136
0.024271127605761136
0.024271127605761136
0.024271127605761136
0.024271127605761136
0.024271127605761136
0.024271127605761136
0.024271127605761136
0.024271127605761136
0.024271127605761136
0.024271127605761136
0.024271127605761136
0.024271127605761136
0.024271127605761136
0.024271127605761136
0.024271127605761136
0.024271127605761136
0.024271127605761136
0.024271127605761136
0.024271127605761136
0.024271127605761136
0.024271127605761136
0.024271127605761136
0.024271127605761136
0.024271127605761136
0.024271127605761136
0.024271127605761136
0.024271127605761136
0.024271127605761136
0.024271127605761136
0.024271127605761136
0.024271127605761136
0.024271127605761136
0.024271127605761136
0.024271127605761136
0.024271127605761136
0.024271127605761136
0.024271127605761136
0.024271127605761136
0.024271127605761136
0.024271127605761136
0.024271127605761136
0.024271127605761136
0.024271127605761136
0.024271127605761136
0.024271127605761136
0.024271127605761136
0.024271127605761136
0.024271127605761136
0.024271127605761136
0.024271127605761136
0.024271127605761136
0.024271127605761136
0.024271127605761136
0.024271127605761136
0.024271127605761136
0.024271127605761136
0.05667838346440213
0.024271127605761136
0.024271127605761136
0.024271127605761136
0.05667838346440213
0.024271127605761136
0.024271127605761136
0.024271127605761136
0.024271127605761136
0.024271127605761136
0.024271127605761136
0.024271127605761136
0.024271127605761136
0.024271127605761136
0.024271127605761136
0.09868279730329797
0.024271127605761136
0.039286329216720255
0.024271127605761136
0.024271127605761136
0.024271127605761136
0.024271127605761136
0.024271127605761136
0.024271127605761136
0.024271127605761136
0.024271127605761136
0.024271127605761136
0.024271127605761136
0.024271127605761136
0.024271127605761136
0.024271127605761136
0.024271127605761136
0.024271127605761136
0.024271127605761136
0.024271127605761136
0.024271127605761136
0.024271127605761136
0.024271127605761136
0.024271127605761136
0.024271127605761136
0.024271127605761136
0.024271127605761136
0.024271127605761136
0.024271127605761136
0.024271127605761136
0.024271127605761136
0.024271127605761136
0.047161598119468726
0.08795609851590996
0.024271127605761136
0.08795609851590996
0.024271127605761136
0.024271127605761136
0.08795609851590996
0.024271127605761136
0.024271127605761136
0.024271127605761136
0.17181672956004662
0.024271127605761136
0.024271127605761136
0.024271127605761136
0.024271127605761136
0.024271127605761136
0.024271127605761136
0.024271127605761136
0.024271127605761136
0.024271127605761136
0.024271127605761136
0.024271127605761136
0.024271127605761136
0.024271127605761136
0.024271127605761136
0.024271127605761136
0.024271127605761136
0.024271127605761136
0.024271127605761136
0.024271127605761136
0.024271127605761136
0.024271127605761136
0.024271127605761136
0.024271127605761136
0.024271127605761136
0.024271127605761136
0.024271127605761136
0.024271127605761136
0.024271127605761136
0.024271127605761136
0.024271127605761136
0.024271127605761136
0.024271127605761136
0.024271127605761136
0.024271127605761136
0.024271127605761136
0.024271127605761136
0.04225848761805494
0.024271127605761136
0.024271127605761136
0.024271127605761136
0.024271127605761136
0.024271127605761136
0.024271127605761136
0.024271127605761136
0.024271127605761136
0.024271127605761136
0.024271127605761136
0.024271127605761136
0.024271127605761136
0.024271127605761136
0.024271127605761136
0.024271127605761136
0.024271127605761136
0.024271127605761136
0.024271127605761136
0.024271127605761136
0.024271127605761136
0.024271127605761136
0.024271127605761136
0.024271127605761136
0.024271127605761136
0.024271127605761136
0.024271127605761136
0.024271127605761136
0.024271127605761136
0.024271127605761136
0.024271127605761136
0.024271127605761136
0.024271127605761136
0.024271127605761136
0.024271127605761136
0.024271127605761136
0.024271127605761136
0.024271127605761136
0.024271127605761136
0.024271127605761136
0.024271127605761136
0.024271127605761136
0.024271127605761136
0.024271127605761136
0.024271127605761136
0.024271127605761136
0.024271127605761136
0.024271127605761136
0.024271127605761136
0.024271127605761136
0.024271127605761136
0.024271127605761136
0.024271127605761136
0.024271127605761136
0.024271127605761136
0.024271127605761136
0.024271127605761136
0.024271127605761136
0.024271127605761136
0.024271127605761136
0.024271127605761136
0.024271127605761136
0.024271127605761136
0.024271127605761136
0.024271127605761136
0.024271127605761136
0.024271127605761136
0.024271127605761136
0.024271127605761136
0.024271127605761136
0.024271127605761136
0.024271127605761136
0.024271127605761136
0.024271127605761136
0.024271127605761136
0.024271127605761136
0.024271127605761136
0.024271127605761136
0.024271127605761136
0.024271127605761136
0.024271127605761136
0.024271127605761136
0.024271127605761136
0.024271127605761136
0.024271127605761136
0.024271127605761136
0.024271127605761136
0.024271127605761136
0.024271127605761136
0.024271127605761136
0.040385618742457316
0.024271127605761136
0.024271127605761136
0.024271127605761136
0.040385618742457316
0.024271127605761136
0.024271127605761136
0.024271127605761136
0.024271127605761136
0.024271127605761136
0.024271127605761136
0.024271127605761136
0.024271127605761136
0.024271127605761136
0.024271127605761136
0.024271127605761136
0.024271127605761136
0.024271127605761136
0.024271127605761136
0.024271127605761136
0.024271127605761136
0.024271127605761136
0.024271127605761136
0.024271127605761136
0.024271127605761136
0.024271127605761136
0.024271127605761136
0.024271127605761136
0.024271127605761136
0.024271127605761136
0.024271127605761136
0.024271127605761136
0.024271127605761136
0.024271127605761136
0.024271127605761136
0.024271127605761136
0.024271127605761136
0.024271127605761136
0.024271127605761136
0.024271127605761136
0.024271127605761136
0.024271127605761136
0.024271127605761136
0.024271127605761136
0.024271127605761136
0.024271127605761136
0.024271127605761136
0.024271127605761136
0.024271127605761136
0.024271127605761136
0.024271127605761136
0.024271127605761136
0.024271127605761136
0.024271127605761136
0.024271127605761136
0.024271127605761136
0.024271127605761136
0.024271127605761136
0.024271127605761136
0.024271127605761136
0.024271127605761136
0.024271127605761136
0.024271127605761136
0.024271127605761136
0.024271127605761136
0.024271127605761136
0.024271127605761136
0.024271127605761136
0.024271127605761136
0.024271127605761136
0.024271127605761136
0.024271127605761136
0.024271127605761136
0.024271127605761136
0.024271127605761136
0.024271127605761136
0.024271127605761136
0.024271127605761136
0.024271127605761136
0.024271127605761136
0.024271127605761136
0.024271127605761136
0.024271127605761136
0.024271127605761136
0.024271127605761136
0.024271127605761136
0.024271127605761136
0.024271127605761136
0.024271127605761136
0.024271127605761136
0.024271127605761136
0.024271127605761136
0.024271127605761136
0.024271127605761136
0.024271127605761136
0.024271127605761136
0.024271127605761136
0.024271127605761136
0.024271127605761136
0.024271127605761136
0.024271127605761136
0.024271127605761136
0.024271127605761136
0.024271127605761136
0.024271127605761136
0.024271127605761136
0.024271127605761136
0.024271127605761136
0.024271127605761136
0.024271127605761136
0.024271127605761136
0.024271127605761136
0.024271127605761136
0.024271127605761136
0.024271127605761136
0.024271127605761136
0.024271127605761136
0.024271127605761136
0.024271127605761136
0.024271127605761136
0.024271127605761136
0.024271127605761136
0.024271127605761136
0.024271127605761136
0.024271127605761136
0.024271127605761136
0.024271127605761136
0.024271127605761136
0.024271127605761136
0.024271127605761136
0.024271127605761136
0.024271127605761136
0.024271127605761136
0.024271127605761136
0.024271127605761136
0.024271127605761136
0.024271127605761136
0.024271127605761136
0.024271127605761136
0.024271127605761136
0.024271127605761136
0.024271127605761136
0.024271127605761136
0.024271127605761136
0.024271127605761136
0.024271127605761136
0.024271127605761136
0.024271127605761136
0.024271127605761136
0.024271127605761136
0.024271127605761136
0.024271127605761136
0.024271127605761136
0.024271127605761136
0.024271127605761136
0.024271127605761136
0.024271127605761136
0.024271127605761136
0.024271127605761136
0.024271127605761136
0.024271127605761136
0.024271127605761136
0.024271127605761136
0.09868279730329797
0.024271127605761136
0.024271127605761136
0.024271127605761136
0.024271127605761136
0.024271127605761136
0.024271127605761136
0.024271127605761136
0.024271127605761136
0.024271127605761136
0.024271127605761136
0.024271127605761136
0.024271127605761136
0.024271127605761136
0.024271127605761136
W: 0.5950510729472867 LAT: 32.16787145 LON: 34.81013471 ALT: 28.0
W: 0.383447350013025 LAT: 32.16893698 LON: 34.81061436 ALT: 29.0
W: 0.17181672956004662 LAT: 32.16702704 LON: 34.80909463 ALT: 13.0
W: 0.09868279730329797 LAT: 32.16766121892341 LON: 34.80988155918773 ALT: 39.018065819940986
-60 74:da:38:50:77:f2
-70 a0:63:91:69:f6:af
-91 98:e7:f4:c6:4b:37
0.8218825909207331 0.8124636133744841 0.7781596606415339 0.519615879625695
0.44024810901697586 0.32344759029818637 0.1913891066853174 0.027253270987618372
0.44024810901697586 0.32344759029818637 0.525631302557737 0.07484842045756723
0.44024810901697586 0.32344759029818637 0.1913891066853174 0.027253270987618372
0.7665164785895637 0.6038321076152325 0.1913891066853174 0.08858392377406529
0.44024810901697586 0.32344759029818637 0.1913891066853174 0.027253270987618372
0.44024810901697586 0.32344759029818637 0.1913891066853174 0.027253270987618372
0.44024810901697586 0.32344759029818637 0.1913891066853174 0.027253270987618372
0.44024810901697586 0.32344759029818637 0.1913891066853174 0.027253270987618372
0.44024810901697586 0.32344759029818637 0.1913891066853174 0.027253270987618372
0.44024810901697586 0.32344759029818637 0.1913891066853174 0.027253270987618372
0.44024810901697586 0.32344759029818637 0.1913891066853174 0.027253270987618372
0.44024810901697586 0.32344759029818637 0.1913891066853174 0.027253270987618372
0.44024810901697586 0.32344759029818637 0.1913891066853174 0.027253270987618372
0.44024810901697586 0.32344759029818637 0.1913891066853174 0.027253270987618372
0.44024810901697586 0.32344759029818637 0.1913891066853174 0.027253270987618372
0.44024810901697586 0.32344759029818637 0.1913891066853174 0.027253270987618372
0.44024810901697586 0.32344759029818637 0.1913891066853174 0.027253270987618372
0.44024810901697586 0.32344759029818637 0.1913891066853174 0.027253270987618372
0.44024810901697586 0.32344759029818637 0.1913891066853174 0.027253270987618372
0.44024810901697586 0.32344759029818637 0.1913891066853174 0.027253270987618372
0.44024810901697586 0.32344759029818637 0.1913891066853174 0.027253270987618372
0.44024810901697586 0.32344759029818637 0.1913891066853174 0.027253270987618372
0.44024810901697586 0.32344759029818637 0.1913891066853174 0.027253270987618372
0.44024810901697586 0.32344759029818637 0.1913891066853174 0.027253270987618372
0.44024810901697586 0.32344759029818637 0.1913891066853174 0.027253270987618372
0.44024810901697586 0.32344759029818637 0.1913891066853174 0.027253270987618372
0.44024810901697586 0.32344759029818637 0.1913891066853174 0.027253270987618372
0.44024810901697586 0.32344759029818637 0.1913891066853174 0.027253270987618372
0.44024810901697586 0.32344759029818637 0.1913891066853174 0.027253270987618372
0.44024810901697586 0.32344759029818637 0.1913891066853174 0.027253270987618372
0.44024810901697586 0.32344759029818637 0.1913891066853174 0.027253270987618372
0.44024810901697586 0.32344759029818637 0.1913891066853174 0.027253270987618372
0.44024810901697586 0.32344759029818637 0.1913891066853174 0.027253270987618372
0.44024810901697586 0.32344759029818637 0.1913891066853174 0.027253270987618372
0.44024810901697586 0.32344759029818637 0.1913891066853174 0.027253270987618372
0.44024810901697586 0.32344759029818637 0.1913891066853174 0.027253270987618372
0.44024810901697586 0.32344759029818637 0.1913891066853174 0.027253270987618372
0.44024810901697586 0.32344759029818637 0.1913891066853174 0.027253270987618372
0.44024810901697586 0.32344759029818637 0.1913891066853174 0.027253270987618372
0.44024810901697586 0.32344759029818637 0.1913891066853174 0.027253270987618372
0.44024810901697586 0.32344759029818637 0.1913891066853174 0.027253270987618372
0.44024810901697586 0.32344759029818637 0.1913891066853174 0.027253270987618372
0.44024810901697586 0.32344759029818637 0.1913891066853174 0.027253270987618372
0.44024810901697586 0.32344759029818637 0.1913891066853174 0.027253270987618372
0.44024810901697586 0.32344759029818637 0.1913891066853174 0.027253270987618372
0.44024810901697586 0.32344759029818637 0.1913891066853174 0.027253270987618372
0.44024810901697586 0.32344759029818637 0.1913891066853174 0.027253270987618372
0.44024810901697586 0.32344759029818637 0.1913891066853174 0.027253270987618372
0.44024810901697586 0.32344759029818637 0.1913891066853174 0.027253270987618372
0.44024810901697586 0.32344759029818637 0.1913891066853174 0.027253270987618372
0.44024810901697586 0.32344759029818637 0.1913891066853174 0.027253270987618372
0.44024810901697586 0.32344759029818637 0.1913891066853174 0.027253270987618372
0.44024810901697586 0.32344759029818637 0.1913891066853174 0.027253270987618372
0.44024810901697586 0.32344759029818637 0.1913891066853174 0.027253270987618372
0.44024810901697586 0.32344759029818637 0.1913891066853174 0.027253270987618372
0.44024810901697586 0.32344759029818637 0.1913891066853174 0.027253270987618372
0.44024810901697586 0.32344759029818637 0.1913891066853174 0.027253270987618372
0.44024810901697586 0.32344759029818637 0.1913891066853174 0.027253270987618372
0.44024810901697586 0.32344759029818637 0.1913891066853174 0.027253270987618372
0.44024810901697586 0.32344759029818637 0.1913891066853174 0.027253270987618372
0.44024810901697586 0.32344759029818637 0.1913891066853174 0.027253270987618372
0.44024810901697586 0.32344759029818637 0.1913891066853174 0.027253270987618372
0.44024810901697586 0.32344759029818637 0.1913891066853174 0.027253270987618372
0.44024810901697586 0.32344759029818637 0.1913891066853174 0.027253270987618372
0.44024810901697586 0.32344759029818637 0.1913891066853174 0.027253270987618372
0.44024810901697586 0.32344759029818637 0.1913891066853174 0.027253270987618372
0.44024810901697586 0.32344759029818637 0.1913891066853174 0.027253270987618372
0.44024810901697586 0.32344759029818637 0.1913891066853174 0.027253270987618372
0.44024810901697586 0.32344759029818637 0.1913891066853174 0.027253270987618372
0.44024810901697586 0.32344759029818637 0.1913891066853174 0.027253270987618372
0.44024810901697586 0.32344759029818637 0.1913891066853174 0.027253270987618372
0.44024810901697586 0.32344759029818637 0.1913891066853174 0.027253270987618372
0.44024810901697586 0.32344759029818637 0.1913891066853174 0.027253270987618372
0.44024810901697586 0.32344759029818637 0.1913891066853174 0.027253270987618372
0.44024810901697586 0.32344759029818637 0.1913891066853174 0.027253270987618372
0.44024810901697586 0.32344759029818637 0.1913891066853174 0.027253270987618372
0.44024810901697586 0.32344759029818637 0.1913891066853174 0.027253270987618372
0.44024810901697586 0.32344759029818637 0.1913891066853174 0.027253270987618372
0.44024810901697586 0.32344759029818637 0.1913891066853174 0.027253270987618372
0.44024810901697586 0.32344759029818637 0.1913891066853174 0.027253270987618372
0.44024810901697586 0.32344759029818637 0.1913891066853174 0.027253270987618372
0.44024810901697586 0.32344759029818637 0.1913891066853174 0.027253270987618372
0.44024810901697586 0.32344759029818637 0.1913891066853174 0.027253270987618372
0.44024810901697586 0.32344759029818637 0.1913891066853174 0.027253270987618372
0.44024810901697586 0.32344759029818637 0.1913891066853174 0.027253270987618372
0.44024810901697586 0.32344759029818637 0.1913891066853174 0.027253270987618372
0.44024810901697586 0.32344759029818637 0.1913891066853174 0.027253270987618372
0.44024810901697586 0.32344759029818637 0.1913891066853174 0.027253270987618372
0.44024810901697586 0.32344759029818637 0.1913891066853174 0.027253270987618372
0.44024810901697586 0.32344759029818637 0.1913891066853174 0.027253270987618372
0.44024810901697586 0.32344759029818637 0.1913891066853174 0.027253270987618372
0.44024810901697586 0.32344759029818637 0.1913891066853174 0.027253270987618372
0.44024810901697586 0.32344759029818637 0.1913891066853174 0.027253270987618372
0.44024810901697586 0.32344759029818637 0.1913891066853174 0.027253270987618372
0.44024810901697586 0.32344759029818637 0.1913891066853174 0.027253270987618372
0.44024810901697586 0.32344759029818637 0.1913891066853174 0.027253270987618372
0.44024810901697586 0.32344759029818637 0.1913891066853174 0.027253270987618372
0.44024810901697586 0.32344759029818637 0.1913891066853174 0.027253270987618372
0.44024810901697586 0.32344759029818637 0.1913891066853174 0.027253270987618372
0.44024810901697586 0.32344759029818637 0.1913891066853174 0.027253270987618372
0.44024810901697586 0.32344759029818637 0.1913891066853174 0.027253270987618372
0.44024810901697586 0.32344759029818637 0.1913891066853174 0.027253270987618372
0.44024810901697586 0.32344759029818637 0.1913891066853174 0.027253270987618372
0.44024810901697586 0.32344759029818637 0.1913891066853174 0.027253270987618372
0.44024810901697586 0.32344759029818637 0.1913891066853174 0.027253270987618372
0.44024810901697586 0.32344759029818637 0.1913891066853174 0.027253270987618372
0.44024810901697586 0.32344759029818637 0.1913891066853174 0.027253270987618372
0.44024810901697586 0.32344759029818637 0.1913891066853174 0.027253270987618372
0.44024810901697586 0.32344759029818637 0.1913891066853174 0.027253270987618372
0.44024810901697586 0.32344759029818637 0.1913891066853174 0.027253270987618372
0.44024810901697586 0.32344759029818637 0.1913891066853174 0.027253270987618372
0.44024810901697586 0.32344759029818637 0.1913891066853174 0.027253270987618372
0.44024810901697586 0.32344759029818637 0.1913891066853174 0.027253270987618372
0.44024810901697586 0.32344759029818637 0.1913891066853174 0.027253270987618372
0.44024810901697586 0.32344759029818637 0.1913891066853174 0.027253270987618372
0.44024810901697586 0.32344759029818637 0.1913891066853174 0.027253270987618372
0.44024810901697586 0.32344759029818637 0.1913891066853174 0.027253270987618372
0.44024810901697586 0.32344759029818637 0.1913891066853174 0.027253270987618372
0.44024810901697586 0.32344759029818637 0.1913891066853174 0.027253270987618372
0.44024810901697586 0.32344759029818637 0.1913891066853174 0.027253270987618372
0.44024810901697586 0.32344759029818637 0.1913891066853174 0.027253270987618372
0.44024810901697586 0.32344759029818637 0.1913891066853174 0.027253270987618372
0.44024810901697586 0.32344759029818637 0.1913891066853174 0.027253270987618372
0.44024810901697586 0.32344759029818637 0.1913891066853174 0.027253270987618372
0.44024810901697586 0.32344759029818637 0.1913891066853174 0.027253270987618372
0.44024810901697586 0.32344759029818637 0.1913891066853174 0.027253270987618372
0.44024810901697586 0.32344759029818637 0.1913891066853174 0.027253270987618372
0.44024810901697586 0.32344759029818637 0.1913891066853174 0.027253270987618372
0.44024810901697586 0.32344759029818637 0.1913891066853174 0.027253270987618372
0.44024810901697586 0.32344759029818637 0.1913891066853174 0.027253270987618372
0.44024810901697586 0.32344759029818637 0.1913891066853174 0.027253270987618372
0.44024810901697586 0.32344759029818637 0.1913891066853174 0.027253270987618372
0.44024810901697586 0.32344759029818637 0.1913891066853174 0.027253270987618372
0.44024810901697586 0.32344759029818637 0.1913891066853174 0.027253270987618372
0.44024810901697586 0.32344759029818637 0.1913891066853174 0.027253270987618372
0.44024810901697586 0.32344759029818637 0.1913891066853174 0.027253270987618372
0.44024810901697586 0.32344759029818637 0.1913891066853174 0.027253270987618372
0.44024810901697586 0.32344759029818637 0.1913891066853174 0.027253270987618372
0.44024810901697586 0.32344759029818637 0.1913891066853174 0.027253270987618372
0.44024810901697586 0.32344759029818637 0.1913891066853174 0.027253270987618372
0.44024810901697586 0.32344759029818637 0.1913891066853174 0.027253270987618372
0.44024810901697586 0.32344759029818637 0.1913891066853174 0.027253270987618372
0.44024810901697586 0.32344759029818637 0.1913891066853174 0.027253270987618372
0.44024810901697586 0.32344759029818637 0.1913891066853174 0.027253270987618372
0.44024810901697586 0.32344759029818637 0.1913891066853174 0.027253270987618372
0.44024810901697586 0.32344759029818637 0.1913891066853174 0.027253270987618372
0.44024810901697586 0.32344759029818637 0.1913891066853174 0.027253270987618372
0.44024810901697586 0.32344759029818637 0.1913891066853174 0.027253270987618372
0.44024810901697586 0.32344759029818637 0.1913891066853174 0.027253270987618372
0.44024810901697586 0.32344759029818637 0.1913891066853174 0.027253270987618372
0.44024810901697586 0.32344759029818637 0.1913891066853174 0.027253270987618372
0.44024810901697586 0.32344759029818637 0.1913891066853174 0.027253270987618372
0.44024810901697586 0.32344759029818637 0.1913891066853174 0.027253270987618372
0.44024810901697586 0.32344759029818637 0.1913891066853174 0.027253270987618372
0.44024810901697586 0.32344759029818637 0.1913891066853174 0.027253270987618372
0.44024810901697586 0.32344759029818637 0.1913891066853174 0.027253270987618372
0.44024810901697586 0.32344759029818637 0.1913891066853174 0.027253270987618372
0.44024810901697586 0.32344759029818637 0.1913891066853174 0.027253270987618372
0.44024810901697586 0.32344759029818637 0.1913891066853174 0.027253270987618372
0.44024810901697586 0.32344759029818637 0.1913891066853174 0.027253270987618372
0.44024810901697586 0.32344759029818637 0.1913891066853174 0.027253270987618372
0.44024810901697586 0.32344759029818637 0.1913891066853174 0.027253270987618372
0.44024810901697586 0.32344759029818637 0.1913891066853174 0.027253270987618372
0.44024810901697586 0.32344759029818637 0.1913891066853174 0.027253270987618372
0.44024810901697586 0.32344759029818637 0.1913891066853174 0.027253270987618372
0.44024810901697586 0.32344759029818637 0.1913891066853174 0.027253270987618372
0.44024810901697586 0.32344759029818637 0.1913891066853174 0.027253270987618372
0.44024810901697586 0.32344759029818637 0.1913891066853174 0.027253270987618372
0.44024810901697586 0.32344759029818637 0.1913891066853174 0.027253270987618372
0.44024810901697586 0.32344759029818637 0.1913891066853174 0.027253270987618372
0.44024810901697586 0.32344759029818637 0.1913891066853174 0.027253270987618372
0.44024810901697586 0.32344759029818637 0.1913891066853174 0.027253270987618372
0.44024810901697586 0.32344759029818637 0.1913891066853174 0.027253270987618372
0.44024810901697586 0.32344759029818637 0.1913891066853174 0.027253270987618372
0.44024810901697586 0.32344759029818637 0.1913891066853174 0.027253270987618372
0.44024810901697586 0.32344759029818637 0.1913891066853174 0.027253270987618372
0.44024810901697586 0.32344759029818637 0.1913891066853174 0.027253270987618372
0.44024810901697586 0.32344759029818637 0.1913891066853174 0.027253270987618372
0.44024810901697586 0.32344759029818637 0.1913891066853174 0.027253270987618372
0.44024810901697586 0.32344759029818637 0.1913891066853174 0.027253270987618372
0.44024810901697586 0.32344759029818637 0.1913891066853174 0.027253270987618372
0.44024810901697586 0.32344759029818637 0.1913891066853174 0.027253270987618372
0.44024810901697586 0.32344759029818637 0.1913891066853174 0.027253270987618372
0.44024810901697586 0.32344759029818637 0.1913891066853174 0.027253270987618372
0.44024810901697586 0.32344759029818637 0.1913891066853174 0.027253270987618372
0.44024810901697586 0.32344759029818637 0.1913891066853174 0.027253270987618372
0.44024810901697586 0.32344759029818637 0.1913891066853174 0.027253270987618372
0.44024810901697586 0.32344759029818637 0.1913891066853174 0.027253270987618372
0.44024810901697586 0.32344759029818637 0.1913891066853174 0.027253270987618372
0.44024810901697586 0.32344759029818637 0.1913891066853174 0.027253270987618372
0.44024810901697586 0.32344759029818637 0.1913891066853174 0.027253270987618372
0.7925129451106105 0.5926998913714256 0.7781596606415339 0.3655189739490856
0.44024810901697586 0.32344759029818637 0.6935746618747948 0.09876308290261572
0.44024810901697586 0.32344759029818637 0.1913891066853174 0.027253270987618372
0.44024810901697586 0.32344759029818637 0.1913891066853174 0.027253270987618372
0.44024810901697586 0.5926998913714256 0.1913891066853174 0.04994011777606991
0.44024810901697586 0.32344759029818637 0.1913891066853174 0.027253270987618372
0.7432792238520654 0.32344759029818637 0.1913891066853174 0.046012213777222366
0.44024810901697586 0.32344759029818637 0.1913891066853174 0.027253270987618372
0.44024810901697586 0.32344759029818637 0.1913891066853174 0.027253270987618372
0.44024810901697586 0.32344759029818637 0.1913891066853174 0.027253270987618372
0.44024810901697586 0.32344759029818637 0.1913891066853174 0.027253270987618372
0.44024810901697586 0.32344759029818637 0.1913891066853174 0.027253270987618372
0.44024810901697586 0.32344759029818637 0.1913891066853174 0.027253270987618372
0.44024810901697586 0.32344759029818637 0.1913891066853174 0.027253270987618372
0.44024810901697586 0.32344759029818637 0.1913891066853174 0.027253270987618372
0.44024810901697586 0.32344759029818637 0.1913891066853174 0.027253270987618372
0.44024810901697586 0.32344759029818637 0.1913891066853174 0.027253270987618372
0.44024810901697586 0.32344759029818637 0.1913891066853174 0.027253270987618372
0.44024810901697586 0.32344759029818637 0.1913891066853174 0.027253270987618372
0.44024810901697586 0.32344759029818637 0.1913891066853174 0.027253270987618372
0.44024810901697586 0.32344759029818637 0.1913891066853174 0.027253270987618372
0.44024810901697586 0.32344759029818637 0.1913891066853174 0.027253270987618372
0.44024810901697586 0.32344759029818637 0.1913891066853174 0.027253270987618372
0.44024810901697586 0.32344759029818637 0.1913891066853174 0.027253270987618372
0.44024810901697586 0.32344759029818637 0.1913891066853174 0.027253270987618372
0.44024810901697586 0.32344759029818637 0.1913891066853174 0.027253270987618372
0.44024810901697586 0.32344759029818637 0.1913891066853174 0.027253270987618372
0.44024810901697586 0.32344759029818637 0.1913891066853174 0.027253270987618372
0.44024810901697586 0.32344759029818637 0.1913891066853174 0.027253270987618372
0.44024810901697586 0.32344759029818637 0.1913891066853174 0.027253270987618372
0.44024810901697586 0.32344759029818637 0.1913891066853174 0.027253270987618372
0.44024810901697586 0.32344759029818637 0.1913891066853174 0.027253270987618372
0.44024810901697586 0.32344759029818637 0.1913891066853174 0.027253270987618372
0.44024810901697586 0.32344759029818637 0.1913891066853174 0.027253270987618372
0.44024810901697586 0.32344759029818637 0.1913891066853174 0.027253270987618372
0.44024810901697586 0.32344759029818637 0.1913891066853174 0.027253270987618372
0.44024810901697586 0.32344759029818637 0.1913891066853174 0.027253270987618372
0.44024810901697586 0.32344759029818637 0.1913891066853174 0.027253270987618372
0.44024810901697586 0.32344759029818637 0.1913891066853174 0.027253270987618372
0.44024810901697586 0.32344759029818637 0.1913891066853174 0.027253270987618372
0.44024810901697586 0.32344759029818637 0.1913891066853174 0.027253270987618372
0.44024810901697586 0.32344759029818637 0.1913891066853174 0.027253270987618372
0.44024810901697586 0.32344759029818637 0.1913891066853174 0.027253270987618372
0.44024810901697586 0.32344759029818637 0.1913891066853174 0.027253270987618372
0.44024810901697586 0.32344759029818637 0.1913891066853174 0.027253270987618372
0.44024810901697586 0.32344759029818637 0.1913891066853174 0.027253270987618372
0.44024810901697586 0.32344759029818637 0.1913891066853174 0.027253270987618372
0.44024810901697586 0.32344759029818637 0.1913891066853174 0.027253270987618372
0.44024810901697586 0.32344759029818637 0.1913891066853174 0.027253270987618372
0.44024810901697586 0.32344759029818637 0.1913891066853174 0.027253270987618372
0.44024810901697586 0.32344759029818637 0.1913891066853174 0.027253270987618372
0.44024810901697586 0.32344759029818637 0.1913891066853174 0.027253270987618372
0.44024810901697586 0.32344759029818637 0.1913891066853174 0.027253270987618372
0.44024810901697586 0.32344759029818637 0.1913891066853174 0.027253270987618372
0.44024810901697586 0.32344759029818637 0.1913891066853174 0.027253270987618372
0.44024810901697586 0.32344759029818637 0.1913891066853174 0.027253270987618372
0.44024810901697586 0.32344759029818637 0.1913891066853174 0.027253270987618372
0.44024810901697586 0.32344759029818637 0.1913891066853174 0.027253270987618372
0.44024810901697586 0.32344759029818637 0.1913891066853174 0.027253270987618372
0.44024810901697586 0.32344759029818637 0.1913891066853174 0.027253270987618372
0.44024810901697586 0.32344759029818637 0.1913891066853174 0.027253270987618372
0.44024810901697586 0.32344759029818637 0.1913891066853174 0.027253270987618372
0.44024810901697586 0.32344759029818637 0.1913891066853174 0.027253270987618372
0.44024810901697586 0.32344759029818637 0.1913891066853174 0.027253270987618372
0.44024810901697586 0.32344759029818637 0.1913891066853174 0.027253270987618372
0.44024810901697586 0.32344759029818637 0.1913891066853174 0.027253270987618372
0.44024810901697586 0.32344759029818637 0.1913891066853174 0.027253270987618372
0.44024810901697586 0.32344759029818637 0.1913891066853174 0.027253270987618372
0.44024810901697586 0.32344759029818637 0.1913891066853174 0.027253270987618372
0.44024810901697586 0.32344759029818637 0.1913891066853174 0.027253270987618372
0.44024810901697586 0.32344759029818637 0.1913891066853174 0.027253270987618372
0.44024810901697586 0.32344759029818637 0.1913891066853174 0.027253270987618372
0.44024810901697586 0.32344759029818637 0.1913891066853174 0.027253270987618372
0.44024810901697586 0.32344759029818637 0.1913891066853174 0.027253270987618372
0.44024810901697586 0.32344759029818637 0.1913891066853174 0.027253270987618372
0.44024810901697586 0.32344759029818637 0.1913891066853174 0.027253270987618372
0.44024810901697586 0.32344759029818637 0.1913891066853174 0.027253270987618372
0.44024810901697586 0.32344759029818637 0.1913891066853174 0.027253270987618372
0.44024810901697586 0.32344759029818637 0.1913891066853174 0.027253270987618372
0.44024810901697586 0.32344759029818637 0.1913891066853174 0.027253270987618372
0.44024810901697586 0.32344759029818637 0.1913891066853174 0.027253270987618372
0.44024810901697586 0.32344759029818637 0.1913891066853174 0.027253270987618372
0.44024810901697586 0.32344759029818637 0.1913891066853174 0.027253270987618372
0.44024810901697586 0.32344759029818637 0.1913891066853174 0.027253270987618372
0.44024810901697586 0.32344759029818637 0.1913891066853174 0.027253270987618372
0.44024810901697586 0.32344759029818637 0.1913891066853174 0.027253270987618372
0.44024810901697586 0.32344759029818637 0.1913891066853174 0.027253270987618372
0.44024810901697586 0.32344759029818637 0.1913891066853174 0.027253270987618372
0.44024810901697586 0.32344759029818637 0.1913891066853174 0.027253270987618372
0.44024810901697586 0.32344759029818637 0.1913891066853174 0.027253270987618372
0.44024810901697586 0.32344759029818637 0.1913891066853174 0.027253270987618372
0.44024810901697586 0.32344759029818637 0.1913891066853174 0.027253270987618372
0.44024810901697586 0.32344759029818637 0.1913891066853174 0.027253270987618372
0.44024810901697586 0.32344759029818637 0.1913891066853174 0.027253270987618372
0.44024810901697586 0.32344759029818637 0.1913891066853174 0.027253270987618372
0.44024810901697586 0.32344759029818637 0.1913891066853174 0.027253270987618372
0.44024810901697586 0.32344759029818637 0.1913891066853174 0.027253270987618372
0.44024810901697586 0.32344759029818637 0.1913891066853174 0.027253270987618372
0.44024810901697586 0.32344759029818637 0.1913891066853174 0.027253270987618372
0.44024810901697586 0.32344759029818637 0.1913891066853174 0.027253270987618372
0.44024810901697586 0.32344759029818637 0.1913891066853174 0.027253270987618372
0.44024810901697586 0.32344759029818637 0.1913891066853174 0.027253270987618372
0.44024810901697586 0.32344759029818637 0.1913891066853174 0.027253270987618372
0.44024810901697586 0.32344759029818637 0.1913891066853174 0.027253270987618372
0.44024810901697586 0.32344759029818637 0.1913891066853174 0.027253270987618372
0.44024810901697586 0.32344759029818637 0.1913891066853174 0.027253270987618372
0.44024810901697586 0.32344759029818637 0.1913891066853174 0.027253270987618372
0.44024810901697586 0.32344759029818637 0.1913891066853174 0.027253270987618372
0.44024810901697586 0.32344759029818637 0.1913891066853174 0.027253270987618372
0.44024810901697586 0.32344759029818637 0.1913891066853174 0.027253270987618372
0.44024810901697586 0.32344759029818637 0.1913891066853174 0.027253270987618372
0.44024810901697586 0.32344759029818637 0.1913891066853174 0.027253270987618372
0.44024810901697586 0.32344759029818637 0.1913891066853174 0.027253270987618372
0.44024810901697586 0.32344759029818637 0.1913891066853174 0.027253270987618372
0.44024810901697586 0.32344759029818637 0.1913891066853174 0.027253270987618372
0.44024810901697586 0.32344759029818637 0.1913891066853174 0.027253270987618372
0.44024810901697586 0.32344759029818637 0.1913891066853174 0.027253270987618372
0.44024810901697586 0.32344759029818637 0.1913891066853174 0.027253270987618372
0.44024810901697586 0.32344759029818637 0.1913891066853174 0.027253270987618372
0.44024810901697586 0.32344759029818637 0.1913891066853174 0.027253270987618372
0.44024810901697586 0.32344759029818637 0.1913891066853174 0.027253270987618372
0.44024810901697586 0.32344759029818637 0.1913891066853174 0.027253270987618372
0.44024810901697586 0.32344759029818637 0.1913891066853174 0.027253270987618372
0.44024810901697586 0.32344759029818637 0.1913891066853174 0.027253270987618372
0.44024810901697586 0.32344759029818637 0.1913891066853174 0.027253270987618372
0.44024810901697586 0.32344759029818637 0.1913891066853174 0.027253270987618372
0.44024810901697586 0.32344759029818637 0.1913891066853174 0.027253270987618372
0.44024810901697586 0.32344759029818637 0.1913891066853174 0.027253270987618372
0.44024810901697586 0.32344759029818637 0.1913891066853174 0.027253270987618372
0.44024810901697586 0.32344759029818637 0.1913891066853174 0.027253270987618372
0.44024810901697586 0.32344759029818637 0.1913891066853174 0.027253270987618372
0.44024810901697586 0.32344759029818637 0.1913891066853174 0.027253270987618372
0.44024810901697586 0.32344759029818637 0.1913891066853174 0.027253270987618372
0.44024810901697586 0.32344759029818637 0.1913891066853174 0.027253270987618372
0.44024810901697586 0.32344759029818637 0.1913891066853174 0.027253270987618372
0.44024810901697586 0.32344759029818637 0.1913891066853174 0.027253270987618372
0.44024810901697586 0.32344759029818637 0.1913891066853174 0.027253270987618372
0.44024810901697586 0.32344759029818637 0.1913891066853174 0.027253270987618372
0.44024810901697586 0.32344759029818637 0.1913891066853174 0.027253270987618372
0.44024810901697586 0.32344759029818637 0.1913891066853174 0.027253270987618372
0.44024810901697586 0.32344759029818637 0.1913891066853174 0.027253270987618372
0.44024810901697586 0.32344759029818637 0.1913891066853174 0.027253270987618372
0.44024810901697586 0.32344759029818637 0.1913891066853174 0.027253270987618372
0.44024810901697586 0.32344759029818637 0.1913891066853174 0.027253270987618372
0.44024810901697586 0.32344759029818637 0.1913891066853174 0.027253270987618372
0.44024810901697586 0.32344759029818637 0.1913891066853174 0.027253270987618372
0.44024810901697586 0.32344759029818637 0.1913891066853174 0.027253270987618372
0.44024810901697586 0.32344759029818637 0.1913891066853174 0.027253270987618372
0.44024810901697586 0.32344759029818637 0.1913891066853174 0.027253270987618372
0.44024810901697586 0.32344759029818637 0.1913891066853174 0.027253270987618372
0.44024810901697586 0.32344759029818637 0.1913891066853174 0.027253270987618372
0.44024810901697586 0.32344759029818637 0.1913891066853174 0.027253270987618372
0.44024810901697586 0.32344759029818637 0.1913891066853174 0.027253270987618372
0.44024810901697586 0.32344759029818637 0.1913891066853174 0.027253270987618372
0.44024810901697586 0.32344759029818637 0.1913891066853174 0.027253270987618372
0.44024810901697586 0.32344759029818637 0.1913891066853174 0.027253270987618372
0.44024810901697586 0.32344759029818637 0.1913891066853174 0.027253270987618372
0.44024810901697586 0.32344759029818637 0.1913891066853174 0.027253270987618372
0.44024810901697586 0.32344759029818637 0.1913891066853174 0.027253270987618372
0.44024810901697586 0.32344759029818637 0.1913891066853174 0.027253270987618372
0.44024810901697586 0.32344759029818637 0.1913891066853174 0.027253270987618372
0.44024810901697586 0.32344759029818637 0.1913891066853174 0.027253270987618372
0.44024810901697586 0.32344759029818637 0.1913891066853174 0.027253270987618372
0.44024810901697586 0.32344759029818637 0.1913891066853174 0.027253270987618372
0.44024810901697586 0.32344759029818637 0.1913891066853174 0.027253270987618372
0.44024810901697586 0.32344759029818637 0.1913891066853174 0.027253270987618372
0.44024810901697586 0.32344759029818637 0.1913891066853174 0.027253270987618372
0.44024810901697586 0.32344759029818637 0.1913891066853174 0.027253270987618372
0.44024810901697586 0.32344759029818637 0.1913891066853174 0.027253270987618372
0.44024810901697586 0.32344759029818637 0.1913891066853174 0.027253270987618372
0.44024810901697586 0.32344759029818637 0.1913891066853174 0.027253270987618372
0.44024810901697586 0.32344759029818637 0.1913891066853174 0.027253270987618372
0.44024810901697586 0.32344759029818637 0.1913891066853174 0.027253270987618372
0.44024810901697586 0.32344759029818637 0.1913891066853174 0.027253270987618372
0.44024810901697586 0.32344759029818637 0.1913891066853174 0.027253270987618372
0.44024810901697586 0.32344759029818637 0.1913891066853174 0.027253270987618372
0.44024810901697586 0.32344759029818637 0.1913891066853174 0.027253270987618372
0.44024810901697586 0.32344759029818637 0.1913891066853174 0.027253270987618372
0.44024810901697586 0.32344759029818637 0.1913891066853174 0.027253270987618372
0.44024810901697586 0.32344759029818637 0.1913891066853174 0.027253270987618372
0.44024810901697586 0.32344759029818637 0.1913891066853174 0.027253270987618372
0.44024810901697586 0.32344759029818637 0.1913891066853174 0.027253270987618372
0.44024810901697586 0.32344759029818637 0.1913891066853174 0.027253270987618372
0.44024810901697586 0.32344759029818637 0.1913891066853174 0.027253270987618372
0.44024810901697586 0.32344759029818637 0.1913891066853174 0.027253270987618372
0.44024810901697586 0.32344759029818637 0.1913891066853174 0.027253270987618372
0.44024810901697586 0.32344759029818637 0.1913891066853174 0.027253270987618372
0.44024810901697586 0.32344759029818637 0.1913891066853174 0.027253270987618372
0.44024810901697586 0.32344759029818637 0.1913891066853174 0.027253270987618372
0.44024810901697586 0.32344759029818637 0.1913891066853174 0.027253270987618372
0.44024810901697586 0.32344759029818637 0.1913891066853174 0.027253270987618372
0.44024810901697586 0.32344759029818637 0.1913891066853174 0.027253270987618372
0.44024810901697586 0.32344759029818637 0.1913891066853174 0.027253270987618372
0.44024810901697586 0.32344759029818637 0.1913891066853174 0.027253270987618372
0.44024810901697586 0.32344759029818637 0.1913891066853174 0.027253270987618372
0.44024810901697586 0.32344759029818637 0.1913891066853174 0.027253270987618372
0.44024810901697586 0.32344759029818637 0.1913891066853174 0.027253270987618372
0.44024810901697586 0.32344759029818637 0.1913891066853174 0.027253270987618372
0.44024810901697586 0.32344759029818637 0.1913891066853174 0.027253270987618372
0.44024810901697586 0.32344759029818637 0.1913891066853174 0.027253270987618372
0.44024810901697586 0.32344759029818637 0.1913891066853174 0.027253270987618372
0.44024810901697586 0.32344759029818637 0.1913891066853174 0.027253270987618372
0.44024810901697586 0.32344759029818637 0.1913891066853174 0.027253270987618372
0.44024810901697586 0.32344759029818637 0.1913891066853174 0.027253270987618372
0.44024810901697586 0.32344759029818637 0.1913891066853174 0.027253270987618372
0.44024810901697586 0.32344759029818637 0.1913891066853174 0.027253270987618372
0.44024810901697586 0.32344759029818637 0.1913891066853174 0.027253270987618372
0.44024810901697586 0.32344759029818637 0.1913891066853174 0.027253270987618372
0.44024810901697586 0.32344759029818637 0.1913891066853174 0.027253270987618372
0.44024810901697586 0.32344759029818637 0.1913891066853174 0.027253270987618372
0.44024810901697586 0.32344759029818637 0.1913891066853174 0.027253270987618372
0.44024810901697586 0.32344759029818637 0.1913891066853174 0.027253270987618372
0.44024810901697586 0.32344759029818637 0.1913891066853174 0.027253270987618372
0.44024810901697586 0.32344759029818637 0.1913891066853174 0.027253270987618372
0.44024810901697586 0.32344759029818637 0.1913891066853174 0.027253270987618372
0.44024810901697586 0.32344759029818637 0.1913891066853174 0.027253270987618372
0.44024810901697586 0.32344759029818637 0.1913891066853174 0.027253270987618372
0.44024810901697586 0.32344759029818637 0.1913891066853174 0.027253270987618372
0.44024810901697586 0.32344759029818637 0.1913891066853174 0.027253270987618372
0.44024810901697586 0.32344759029818637 0.1913891066853174 0.027253270987618372
0.44024810901697586 0.32344759029818637 0.1913891066853174 0.027253270987618372
0.44024810901697586 0.32344759029818637 0.1913891066853174 0.027253270987618372
0.44024810901697586 0.32344759029818637 0.1913891066853174 0.027253270987618372
0.44024810901697586 0.32344759029818637 0.1913891066853174 0.027253270987618372
0.44024810901697586 0.32344759029818637 0.1913891066853174 0.027253270987618372
0.44024810901697586 0.32344759029818637 0.1913891066853174 0.027253270987618372
0.44024810901697586 0.32344759029818637 0.1913891066853174 0.027253270987618372
0.44024810901697586 0.32344759029818637 0.1913891066853174 0.027253270987618372
0.44024810901697586 0.32344759029818637 0.1913891066853174 0.027253270987618372
0.44024810901697586 0.32344759029818637 0.1913891066853174 0.027253270987618372
0.44024810901697586 0.32344759029818637 0.1913891066853174 0.027253270987618372
0.44024810901697586 0.32344759029818637 0.1913891066853174 0.027253270987618372
0.44024810901697586 0.32344759029818637 0.1913891066853174 0.027253270987618372
0.44024810901697586 0.32344759029818637 0.1913891066853174 0.027253270987618372
0.44024810901697586 0.32344759029818637 0.1913891066853174 0.027253270987618372
0.44024810901697586 0.32344759029818637 0.1913891066853174 0.027253270987618372
0.44024810901697586 0.32344759029818637 0.1913891066853174 0.027253270987618372
0.44024810901697586 0.32344759029818637 0.1913891066853174 0.027253270987618372
0.44024810901697586 0.32344759029818637 0.1913891066853174 0.027253270987618372
0.44024810901697586 0.32344759029818637 0.1913891066853174 0.027253270987618372
0.44024810901697586 0.32344759029818637 0.1913891066853174 0.027253270987618372
0.44024810901697586 0.32344759029818637 0.1913891066853174 0.027253270987618372
0.44024810901697586 0.32344759029818637 0.1913891066853174 0.027253270987618372
0.44024810901697586 0.32344759029818637 0.1913891066853174 0.027253270987618372
0.44024810901697586 0.32344759029818637 0.1913891066853174 0.027253270987618372
0.44024810901697586 0.32344759029818637 0.1913891066853174 0.027253270987618372
0.44024810901697586 0.32344759029818637 0.1913891066853174 0.027253270987618372
0.44024810901697586 0.32344759029818637 0.1913891066853174 0.027253270987618372
0.44024810901697586 0.32344759029818637 0.1913891066853174 0.027253270987618372
0.44024810901697586 0.32344759029818637 0.1913891066853174 0.027253270987618372
0.44024810901697586 0.32344759029818637 0.1913891066853174 0.027253270987618372
0.44024810901697586 0.32344759029818637 0.1913891066853174 0.027253270987618372
0.44024810901697586 0.32344759029818637 0.1913891066853174 0.027253270987618372
0.44024810901697586 0.32344759029818637 0.1913891066853174 0.027253270987618372
0.44024810901697586 0.32344759029818637 0.1913891066853174 0.027253270987618372
0.44024810901697586 0.32344759029818637 0.1913891066853174 0.027253270987618372
0.44024810901697586 0.32344759029818637 0.1913891066853174 0.027253270987618372
0.44024810901697586 0.32344759029818637 0.1913891066853174 0.027253270987618372
0.44024810901697586 0.32344759029818637 0.1913891066853174 0.027253270987618372
0.44024810901697586 0.32344759029818637 0.1913891066853174 0.027253270987618372
0.44024810901697586 0.32344759029818637 0.1913891066853174 0.027253270987618372
0.44024810901697586 0.32344759029818637 0.1913891066853174 0.027253270987618372
0.44024810901697586 0.32344759029818637 0.1913891066853174 0.027253270987618372
0.44024810901697586 0.32344759029818637 0.1913891066853174 0.027253270987618372
0.44024810901697586 0.32344759029818637 0.1913891066853174 0.027253270987618372
0.44024810901697586 0.32344759029818637 0.1913891066853174 0.027253270987618372
0.44024810901697586 0.32344759029818637 0.1913891066853174 0.027253270987618372
0.44024810901697586 0.32344759029818637 0.1913891066853174 0.027253270987618372
0.44024810901697586 0.32344759029818637 0.1913891066853174 0.027253270987618372
0.44024810901697586 0.32344759029818637 0.1913891066853174 0.027253270987618372
0.44024810901697586 0.32344759029818637 0.1913891066853174 0.027253270987618372
0.44024810901697586 0.32344759029818637 0.1913891066853174 0.027253270987618372
0.44024810901697586 0.32344759029818637 0.1913891066853174 0.027253270987618372
0.44024810901697586 0.32344759029818637 0.1913891066853174 0.027253270987618372
0.44024810901697586 0.32344759029818637 0.1913891066853174 0.027253270987618372
0.44024810901697586 0.32344759029818637 0.1913891066853174 0.027253270987618372
0.44024810901697586 0.32344759029818637 0.1913891066853174 0.027253270987618372
0.44024810901697586 0.32344759029818637 0.1913891066853174 0.027253270987618372
0.44024810901697586 0.32344759029818637 0.1913891066853174 0.027253270987618372
0.44024810901697586 0.32344759029818637 0.1913891066853174 0.027253270987618372
0.44024810901697586 0.32344759029818637 0.1913891066853174 0.027253270987618372
0.44024810901697586 0.32344759029818637 0.1913891066853174 0.027253270987618372
0.44024810901697586 0.32344759029818637 0.1913891066853174 0.027253270987618372
0.44024810901697586 0.32344759029818637 0.1913891066853174 0.027253270987618372
0.44024810901697586 0.32344759029818637 0.1913891066853174 0.027253270987618372
0.44024810901697586 0.32344759029818637 0.1913891066853174 0.027253270987618372
0.44024810901697586 0.32344759029818637 0.1913891066853174 0.027253270987618372
0.44024810901697586 0.32344759029818637 0.1913891066853174 0.027253270987618372
0.44024810901697586 0.32344759029818637 0.1913891066853174 0.027253270987618372
0.44024810901697586 0.32344759029818637 0.1913891066853174 0.027253270987618372
0.44024810901697586 0.32344759029818637 0.1913891066853174 0.027253270987618372
0.44024810901697586 0.32344759029818637 0.1913891066853174 0.027253270987618372
0.44024810901697586 0.32344759029818637 0.1913891066853174 0.027253270987618372
0.44024810901697586 0.32344759029818637 0.1913891066853174 0.027253270987618372
0.44024810901697586 0.32344759029818637 0.1913891066853174 0.027253270987618372
0.44024810901697586 0.32344759029818637 0.1913891066853174 0.027253270987618372
0.44024810901697586 0.32344759029818637 0.1913891066853174 0.027253270987618372
0.44024810901697586 0.32344759029818637 0.1913891066853174 0.027253270987618372
0.44024810901697586 0.32344759029818637 0.1913891066853174 0.027253270987618372
0.44024810901697586 0.32344759029818637 0.1913891066853174 0.027253270987618372
0.44024810901697586 0.32344759029818637 0.1913891066853174 0.027253270987618372
0.44024810901697586 0.32344759029818637 0.1913891066853174 0.027253270987618372
0.44024810901697586 0.32344759029818637 0.1913891066853174 0.027253270987618372
0.44024810901697586 0.32344759029818637 0.1913891066853174 0.027253270987618372
0.44024810901697586 0.32344759029818637 0.1913891066853174 0.027253270987618372
0.44024810901697586 0.32344759029818637 0.1913891066853174 0.027253270987618372
0.44024810901697586 0.32344759029818637 0.1913891066853174 0.027253270987618372
0.44024810901697586 0.32344759029818637 0.1913891066853174 0.027253270987618372
0.44024810901697586 0.32344759029818637 0.1913891066853174 0.027253270987618372
0.44024810901697586 0.32344759029818637 0.1913891066853174 0.027253270987618372
0.44024810901697586 0.32344759029818637 0.1913891066853174 0.027253270987618372
0.44024810901697586 0.32344759029818637 0.1913891066853174 0.027253270987618372
0.44024810901697586 0.32344759029818637 0.1913891066853174 0.027253270987618372
0.44024810901697586 0.32344759029818637 0.1913891066853174 0.027253270987618372
0.44024810901697586 0.32344759029818637 0.1913891066853174 0.027253270987618372
0.44024810901697586 0.32344759029818637 0.1913891066853174 0.027253270987618372
0.44024810901697586 0.32344759029818637 0.1913891066853174 0.027253270987618372
0.44024810901697586 0.32344759029818637 0.1913891066853174 0.027253270987618372
0.44024810901697586 0.32344759029818637 0.1913891066853174 0.027253270987618372
0.44024810901697586 0.32344759029818637 0.1913891066853174 0.027253270987618372
0.44024810901697586 0.32344759029818637 0.1913891066853174 0.027253270987618372
0.44024810901697586 0.32344759029818637 0.1913891066853174 0.027253270987618372
0.44024810901697586 0.32344759029818637 0.1913891066853174 0.027253270987618372
0.44024810901697586 0.32344759029818637 0.1913891066853174 0.027253270987618372
0.44024810901697586 0.32344759029818637 0.1913891066853174 0.027253270987618372
0.44024810901697586 0.32344759029818637 0.1913891066853174 0.027253270987618372
0.44024810901697586 0.32344759029818637 0.1913891066853174 0.027253270987618372
0.44024810901697586 0.32344759029818637 0.1913891066853174 0.027253270987618372
0.44024810901697586 0.32344759029818637 0.1913891066853174 0.027253270987618372
0.44024810901697586 0.32344759029818637 0.1913891066853174 0.027253270987618372
0.44024810901697586 0.32344759029818637 0.1913891066853174 0.027253270987618372
0.44024810901697586 0.32344759029818637 0.1913891066853174 0.027253270987618372
0.44024810901697586 0.32344759029818637 0.1913891066853174 0.027253270987618372
0.44024810901697586 0.32344759029818637 0.1913891066853174 0.027253270987618372
0.44024810901697586 0.32344759029818637 0.1913891066853174 0.027253270987618372
0.44024810901697586 0.32344759029818637 0.1913891066853174 0.027253270987618372
0.44024810901697586 0.32344759029818637 0.1913891066853174 0.027253270987618372
0.44024810901697586 0.32344759029818637 0.1913891066853174 0.027253270987618372
0.44024810901697586 0.32344759029818637 0.1913891066853174 0.027253270987618372
0.44024810901697586 0.32344759029818637 0.1913891066853174 0.027253270987618372
0.44024810901697586 0.32344759029818637 0.1913891066853174 0.027253270987618372
0.44024810901697586 0.32344759029818637 0.1913891066853174 0.027253270987618372
0.44024810901697586 0.32344759029818637 0.1913891066853174 0.027253270987618372
0.44024810901697586 0.32344759029818637 0.1913891066853174 0.027253270987618372
0.44024810901697586 0.32344759029818637 0.1913891066853174 0.027253270987618372
0.44024810901697586 0.32344759029818637 0.1913891066853174 0.027253270987618372
0.44024810901697586 0.32344759029818637 0.1913891066853174 0.027253270987618372
0.44024810901697586 0.32344759029818637 0.1913891066853174 0.027253270987618372
0.44024810901697586 0.32344759029818637 0.1913891066853174 0.027253270987618372
0.44024810901697586 0.32344759029818637 0.1913891066853174 0.027253270987618372
0.44024810901697586 0.32344759029818637 0.1913891066853174 0.027253270987618372
0.44024810901697586 0.32344759029818637 0.1913891066853174 0.027253270987618372
0.44024810901697586 0.32344759029818637 0.1913891066853174 0.027253270987618372
0.44024810901697586 0.32344759029818637 0.1913891066853174 0.027253270987618372
0.44024810901697586 0.32344759029818637 0.1913891066853174 0.027253270987618372
0.44024810901697586 0.32344759029818637 0.1913891066853174 0.027253270987618372
0.44024810901697586 0.32344759029818637 0.1913891066853174 0.027253270987618372
0.44024810901697586 0.32344759029818637 0.1913891066853174 0.027253270987618372
0.44024810901697586 0.32344759029818637 0.1913891066853174 0.027253270987618372
0.44024810901697586 0.32344759029818637 0.1913891066853174 0.027253270987618372
0.44024810901697586 0.32344759029818637 0.1913891066853174 0.027253270987618372
0.44024810901697586 0.32344759029818637 0.1913891066853174 0.027253270987618372
0.44024810901697586 0.32344759029818637 0.1913891066853174 0.027253270987618372
0.44024810901697586 0.32344759029818637 0.1913891066853174 0.027253270987618372
0.44024810901697586 0.32344759029818637 0.1913891066853174 0.027253270987618372
0.44024810901697586 0.32344759029818637 0.1913891066853174 0.027253270987618372
0.44024810901697586 0.32344759029818637 0.1913891066853174 0.027253270987618372
0.44024810901697586 0.32344759029818637 0.1913891066853174 0.027253270987618372
0.44024810901697586 0.32344759029818637 0.1913891066853174 0.027253270987618372
0.44024810901697586 0.32344759029818637 0.1913891066853174 0.027253270987618372
0.44024810901697586 0.32344759029818637 0.1913891066853174 0.027253270987618372
0.44024810901697586 0.32344759029818637 0.1913891066853174 0.027253270987618372
0.44024810901697586 0.32344759029818637 0.1913891066853174 0.027253270987618372
0.44024810901697586 0.32344759029818637 0.1913891066853174 0.027253270987618372
0.44024810901697586 0.32344759029818637 0.1913891066853174 0.027253270987618372
0.44024810901697586 0.32344759029818637 0.1913891066853174 0.027253270987618372
0.44024810901697586 0.32344759029818637 0.1913891066853174 0.027253270987618372
0.44024810901697586 0.32344759029818637 0.1913891066853174 0.027253270987618372
0.44024810901697586 0.32344759029818637 0.1913891066853174 0.027253270987618372
0.44024810901697586 0.32344759029818637 0.1913891066853174 0.027253270987618372
0.44024810901697586 0.32344759029818637 0.1913891066853174 0.027253270987618372
0.44024810901697586 0.32344759029818637 0.1913891066853174 0.027253270987618372
0.44024810901697586 0.32344759029818637 0.1913891066853174 0.027253270987618372
0.44024810901697586 0.32344759029818637 0.1913891066853174 0.027253270987618372
0.44024810901697586 0.32344759029818637 0.1913891066853174 0.027253270987618372
0.44024810901697586 0.32344759029818637 0.1913891066853174 0.027253270987618372
0.44024810901697586 0.32344759029818637 0.1913891066853174 0.027253270987618372
0.44024810901697586 0.32344759029818637 0.1913891066853174 0.027253270987618372
0.44024810901697586 0.32344759029818637 0.1913891066853174 0.027253270987618372
0.44024810901697586 0.32344759029818637 0.1913891066853174 0.027253270987618372
0.44024810901697586 0.32344759029818637 0.1913891066853174 0.027253270987618372
0.44024810901697586 0.32344759029818637 0.1913891066853174 0.027253270987618372
0.44024810901697586 0.32344759029818637 0.1913891066853174 0.027253270987618372
0.44024810901697586 0.32344759029818637 0.1913891066853174 0.027253270987618372
0.44024810901697586 0.32344759029818637 0.1913891066853174 0.027253270987618372
0.44024810901697586 0.32344759029818637 0.1913891066853174 0.027253270987618372
0.44024810901697586 0.32344759029818637 0.1913891066853174 0.027253270987618372
0.44024810901697586 0.32344759029818637 0.1913891066853174 0.027253270987618372
0.44024810901697586 0.32344759029818637 0.1913891066853174 0.027253270987618372
0.44024810901697586 0.32344759029818637 0.1913891066853174 0.027253270987618372
0.44024810901697586 0.32344759029818637 0.1913891066853174 0.027253270987618372
0.44024810901697586 0.32344759029818637 0.1913891066853174 0.027253270987618372
0.44024810901697586 0.32344759029818637 0.1913891066853174 0.027253270987618372
0.44024810901697586 0.32344759029818637 0.1913891066853174 0.027253270987618372
0.44024810901697586 0.32344759029818637 0.1913891066853174 0.027253270987618372
0.44024810901697586 0.32344759029818637 0.1913891066853174 0.027253270987618372
0.44024810901697586 0.32344759029818637 0.1913891066853174 0.027253270987618372
0.44024810901697586 0.32344759029818637 0.1913891066853174 0.027253270987618372
0.44024810901697586 0.32344759029818637 0.1913891066853174 0.027253270987618372
0.44024810901697586 0.32344759029818637 0.1913891066853174 0.027253270987618372
0.44024810901697586 0.32344759029818637 0.1913891066853174 0.027253270987618372
0.44024810901697586 0.32344759029818637 0.1913891066853174 0.027253270987618372
0.44024810901697586 0.32344759029818637 0.1913891066853174 0.027253270987618372
0.44024810901697586 0.32344759029818637 0.1913891066853174 0.027253270987618372
0.44024810901697586 0.32344759029818637 0.1913891066853174 0.027253270987618372
0.44024810901697586 0.32344759029818637 0.1913891066853174 0.027253270987618372
0.44024810901697586 0.32344759029818637 0.1913891066853174 0.027253270987618372
0.44024810901697586 0.32344759029818637 0.1913891066853174 0.027253270987618372
0.44024810901697586 0.32344759029818637 0.1913891066853174 0.027253270987618372
0.44024810901697586 0.32344759029818637 0.1913891066853174 0.027253270987618372
0.44024810901697586 0.32344759029818637 0.1913891066853174 0.027253270987618372
0.44024810901697586 0.32344759029818637 0.1913891066853174 0.027253270987618372
0.44024810901697586 0.32344759029818637 0.1913891066853174 0.027253270987618372
0.44024810901697586 0.32344759029818637 0.1913891066853174 0.027253270987618372
0.44024810901697586 0.32344759029818637 0.1913891066853174 0.027253270987618372
0.44024810901697586 0.32344759029818637 0.1913891066853174 0.027253270987618372
0.44024810901697586 0.32344759029818637 0.1913891066853174 0.027253270987618372
0.44024810901697586 0.32344759029818637 0.1913891066853174 0.027253270987618372
0.44024810901697586 0.32344759029818637 0.1913891066853174 0.027253270987618372
0.44024810901697586 0.32344759029818637 0.1913891066853174 0.027253270987618372
0.44024810901697586 0.32344759029818637 0.1913891066853174 0.027253270987618372
0.44024810901697586 0.32344759029818637 0.1913891066853174 0.027253270987618372
0.44024810901697586 0.32344759029818637 0.1913891066853174 0.027253270987618372
0.44024810901697586 0.32344759029818637 0.1913891066853174 0.027253270987618372
0.44024810901697586 0.32344759029818637 0.1913891066853174 0.027253270987618372
0.44024810901697586 0.32344759029818637 0.1913891066853174 0.027253270987618372
0.44024810901697586 0.32344759029818637 0.1913891066853174 0.027253270987618372
0.44024810901697586 0.32344759029818637 0.1913891066853174 0.027253270987618372
0.44024810901697586 0.32344759029818637 0.1913891066853174 0.027253270987618372
0.44024810901697586 0.32344759029818637 0.1913891066853174 0.027253270987618372
0.44024810901697586 0.32344759029818637 0.1913891066853174 0.027253270987618372
0.44024810901697586 0.32344759029818637 0.1913891066853174 0.027253270987618372
0.44024810901697586 0.32344759029818637 0.1913891066853174 0.027253270987618372
0.44024810901697586 0.32344759029818637 0.1913891066853174 0.027253270987618372
0.44024810901697586 0.32344759029818637 0.1913891066853174 0.027253270987618372
0.44024810901697586 0.32344759029818637 0.1913891066853174 0.027253270987618372
0.44024810901697586 0.32344759029818637 0.1913891066853174 0.027253270987618372
0.44024810901697586 0.32344759029818637 0.1913891066853174 0.027253270987618372
0.44024810901697586 0.32344759029818637 0.1913891066853174 0.027253270987618372
0.44024810901697586 0.32344759029818637 0.1913891066853174 0.027253270987618372
0.44024810901697586 0.32344759029818637 0.1913891066853174 0.027253270987618372
0.44024810901697586 0.32344759029818637 0.1913891066853174 0.027253270987618372
0.44024810901697586 0.32344759029818637 0.1913891066853174 0.027253270987618372
0.44024810901697586 0.32344759029818637 0.1913891066853174 0.027253270987618372
0.44024810901697586 0.32344759029818637 0.1913891066853174 0.027253270987618372
0.44024810901697586 0.32344759029818637 0.1913891066853174 0.027253270987618372
0.44024810901697586 0.32344759029818637 0.1913891066853174 0.027253270987618372
0.44024810901697586 0.32344759029818637 0.1913891066853174 0.027253270987618372
0.44024810901697586 0.32344759029818637 0.1913891066853174 0.027253270987618372
0.44024810901697586 0.32344759029818637 0.1913891066853174 0.027253270987618372
0.44024810901697586 0.32344759029818637 0.1913891066853174 0.027253270987618372
0.44024810901697586 0.32344759029818637 0.1913891066853174 0.027253270987618372
0.44024810901697586 0.32344759029818637 0.1913891066853174 0.027253270987618372
0.44024810901697586 0.32344759029818637 0.1913891066853174 0.027253270987618372
0.44024810901697586 0.32344759029818637 0.1913891066853174 0.027253270987618372
0.44024810901697586 0.32344759029818637 0.1913891066853174 0.027253270987618372
0.44024810901697586 0.32344759029818637 0.1913891066853174 0.027253270987618372
0.44024810901697586 0.32344759029818637 0.1913891066853174 0.027253270987618372
0.44024810901697586 0.32344759029818637 0.1913891066853174 0.027253270987618372
0.44024810901697586 0.32344759029818637 0.1913891066853174 0.027253270987618372
0.44024810901697586 0.32344759029818637 0.1913891066853174 0.027253270987618372
0.44024810901697586 0.32344759029818637 0.1913891066853174 0.027253270987618372
0.44024810901697586 0.32344759029818637 0.1913891066853174 0.027253270987618372
0.44024810901697586 0.32344759029818637 0.1913891066853174 0.027253270987618372
0.44024810901697586 0.32344759029818637 0.1913891066853174 0.027253270987618372
0.44024810901697586 0.32344759029818637 0.1913891066853174 0.027253270987618372
0.44024810901697586 0.32344759029818637 0.1913891066853174 0.027253270987618372
0.44024810901697586 0.32344759029818637 0.1913891066853174 0.027253270987618372
0.44024810901697586 0.32344759029818637 0.1913891066853174 0.027253270987618372
0.44024810901697586 0.32344759029818637 0.1913891066853174 0.027253270987618372
0.44024810901697586 0.32344759029818637 0.1913891066853174 0.027253270987618372
0.44024810901697586 0.32344759029818637 0.1913891066853174 0.027253270987618372
0.44024810901697586 0.32344759029818637 0.1913891066853174 0.027253270987618372
0.44024810901697586 0.32344759029818637 0.1913891066853174 0.027253270987618372
0.44024810901697586 0.32344759029818637 0.1913891066853174 0.027253270987618372
0.44024810901697586 0.32344759029818637 0.1913891066853174 0.027253270987618372
0.44024810901697586 0.32344759029818637 0.1913891066853174 0.027253270987618372
0.44024810901697586 0.32344759029818637 0.1913891066853174 0.027253270987618372
0.44024810901697586 0.32344759029818637 0.1913891066853174 0.027253270987618372
0.44024810901697586 0.32344759029818637 0.1913891066853174 0.027253270987618372
0.44024810901697586 0.32344759029818637 0.1913891066853174 0.027253270987618372
0.44024810901697586 0.32344759029818637 0.1913891066853174 0.027253270987618372
0.44024810901697586 0.32344759029818637 0.1913891066853174 0.027253270987618372
0.44024810901697586 0.32344759029818637 0.1913891066853174 0.027253270987618372
0.44024810901697586 0.32344759029818637 0.1913891066853174 0.027253270987618372
0.44024810901697586 0.32344759029818637 0.1913891066853174 0.027253270987618372
0.44024810901697586 0.32344759029818637 0.1913891066853174 0.027253270987618372
0.44024810901697586 0.32344759029818637 0.1913891066853174 0.027253270987618372
0.44024810901697586 0.32344759029818637 0.1913891066853174 0.027253270987618372
0.44024810901697586 0.32344759029818637 0.1913891066853174 0.027253270987618372
0.44024810901697586 0.32344759029818637 0.1913891066853174 0.027253270987618372
0.44024810901697586 0.32344759029818637 0.1913891066853174 0.027253270987618372
0.44024810901697586 0.32344759029818637 0.1913891066853174 0.027253270987618372
0.44024810901697586 0.32344759029818637 0.1913891066853174 0.027253270987618372
0.44024810901697586 0.32344759029818637 0.1913891066853174 0.027253270987618372
0.44024810901697586 0.32344759029818637 0.1913891066853174 0.027253270987618372
0.44024810901697586 0.32344759029818637 0.1913891066853174 0.027253270987618372
0.44024810901697586 0.32344759029818637 0.1913891066853174 0.027253270987618372
0.44024810901697586 0.32344759029818637 0.1913891066853174 0.027253270987618372
0.44024810901697586 0.32344759029818637 0.1913891066853174 0.027253270987618372
0.44024810901697586 0.32344759029818637 0.1913891066853174 0.027253270987618372
0.44024810901697586 0.32344759029818637 0.1913891066853174 0.027253270987618372
0.44024810901697586 0.32344759029818637 0.1913891066853174 0.027253270987618372
0.44024810901697586 0.32344759029818637 0.1913891066853174 0.027253270987618372
0.44024810901697586 0.32344759029818637 0.1913891066853174 0.027253270987618372
0.44024810901697586 0.32344759029818637 0.1913891066853174 0.027253270987618372
0.44024810901697586 0.32344759029818637 0.1913891066853174 0.027253270987618372
0.44024810901697586 0.32344759029818637 0.1913891066853174 0.027253270987618372
0.44024810901697586 0.32344759029818637 0.1913891066853174 0.027253270987618372
0.44024810901697586 0.32344759029818637 0.1913891066853174 0.027253270987618372
0.44024810901697586 0.32344759029818637 0.1913891066853174 0.027253270987618372
0.44024810901697586 0.32344759029818637 0.1913891066853174 0.027253270987618372
0.44024810901697586 0.32344759029818637 0.1913891066853174 0.027253270987618372
0.44024810901697586 0.32344759029818637 0.1913891066853174 0.027253270987618372
0.44024810901697586 0.32344759029818637 0.1913891066853174 0.027253270987618372
0.44024810901697586 0.32344759029818637 0.1913891066853174 0.027253270987618372
0.44024810901697586 0.32344759029818637 0.1913891066853174 0.027253270987618372
0.44024810901697586 0.32344759029818637 0.1913891066853174 0.027253270987618372
0.44024810901697586 0.32344759029818637 0.1913891066853174 0.027253270987618372
0.44024810901697586 0.32344759029818637 0.1913891066853174 0.027253270987618372
0.44024810901697586 0.32344759029818637 0.1913891066853174 0.027253270987618372
0.44024810901697586 0.32344759029818637 0.1913891066853174 0.027253270987618372
0.44024810901697586 0.32344759029818637 0.1913891066853174 0.027253270987618372
0.44024810901697586 0.32344759029818637 0.1913891066853174 0.027253270987618372
0.44024810901697586 0.32344759029818637 0.1913891066853174 0.027253270987618372
0.44024810901697586 0.32344759029818637 0.1913891066853174 0.027253270987618372
0.44024810901697586 0.32344759029818637 0.1913891066853174 0.027253270987618372
0.44024810901697586 0.32344759029818637 0.1913891066853174 0.027253270987618372
0.44024810901697586 0.32344759029818637 0.1913891066853174 0.027253270987618372
0.44024810901697586 0.32344759029818637 0.1913891066853174 0.027253270987618372
0.44024810901697586 0.32344759029818637 0.1913891066853174 0.027253270987618372
0.44024810901697586 0.32344759029818637 0.1913891066853174 0.027253270987618372
0.44024810901697586 0.32344759029818637 0.1913891066853174 0.027253270987618372
0.44024810901697586 0.32344759029818637 0.1913891066853174 0.027253270987618372
0.44024810901697586 0.32344759029818637 0.1913891066853174 0.027253270987618372
0.44024810901697586 0.32344759029818637 0.1913891066853174 0.027253270987618372
W: 0.519615879625695 LAT: 32.16876665 LON: 34.81320794 ALT: 37.0
W: 0.3655189739490856 LAT: 32.16866695 LON: 34.81322274 ALT: 38.0
W: 0.09876308290261572 LAT: 32.16868001 LON: 34.81321794 ALT: 39.0
W: 0.08858392377406529 LAT: 32.16874461 LON: 34.8109685 ALT: 26.0
]]></system-out>
  <system-err><![CDATA[]]></system-err>
</testsuite>
